[2024-05-29 18:09:00,084] INFO [Controller id=0 epoch=2] Sending UpdateMetadata request to brokers HashSet(0) for 0 partitions (state.change.logger)
[2024-05-29 18:09:00,209] INFO [Controller id=0 epoch=2] Sending LeaderAndIsr request to broker 0 with 3 become-leader and 0 become-follower partitions (state.change.logger)
[2024-05-29 18:09:00,214] INFO [Controller id=0 epoch=2] Sending UpdateMetadata request to brokers HashSet(0) for 3 partitions (state.change.logger)
[2024-05-29 18:09:00,638] INFO [Broker id=0] Handling LeaderAndIsr request correlationId 1 from controller 0 for 3 partitions (state.change.logger)
[2024-05-29 18:09:00,683] INFO [Broker id=0] Stopped fetchers as part of LeaderAndIsr request correlationId 1 from controller 0 epoch 2 as part of the become-leader transition for 3 partitions (state.change.logger)
[2024-05-29 18:09:00,708] INFO [Broker id=0] Leader HT-topic3-0 with topic id Some(BBDmaZgrSOSseQEhPSApfQ) starts at leader epoch 0 from offset 4 with partition epoch 0, high watermark 4, ISR [0], adding replicas [] and removing replicas [] . Previous leader None and previous leader epoch was -1. (state.change.logger)
[2024-05-29 18:09:00,717] INFO [Broker id=0] Leader HT-topic-0 with topic id Some(b73Fl-2bQwq8vrd7g43GPw) starts at leader epoch 0 from offset 3 with partition epoch 0, high watermark 3, ISR [0], adding replicas [] and removing replicas [] . Previous leader None and previous leader epoch was -1. (state.change.logger)
[2024-05-29 18:09:00,719] INFO [Broker id=0] Leader HT-topic2-0 with topic id Some(REdTq_CgSVSjEiBRRSGCAw) starts at leader epoch 0 from offset 1 with partition epoch 0, high watermark 1, ISR [0], adding replicas [] and removing replicas [] . Previous leader None and previous leader epoch was -1. (state.change.logger)
[2024-05-29 18:09:00,766] INFO [Broker id=0] Finished LeaderAndIsr request in 116ms correlationId 1 from controller 0 for 3 partitions (state.change.logger)
[2024-05-29 18:09:00,813] INFO [Broker id=0] Add 3 partitions and deleted 0 partitions from metadata cache in response to UpdateMetadata request sent by controller 0 epoch 2 with correlation id 2 (state.change.logger)
[2024-05-29 18:12:47,032] INFO [Controller id=0 epoch=2] Changed partition HT-topic4-0 state from NonExistentPartition to NewPartition with assigned replicas 0 (state.change.logger)
[2024-05-29 18:12:47,032] INFO [Controller id=0 epoch=2] Sending UpdateMetadata request to brokers HashSet() for 0 partitions (state.change.logger)
[2024-05-29 18:12:47,035] INFO [Controller id=0 epoch=2] Sending UpdateMetadata request to brokers HashSet() for 0 partitions (state.change.logger)
[2024-05-29 18:12:47,081] INFO [Controller id=0 epoch=2] Changed partition HT-topic4-0 from NewPartition to OnlinePartition with state LeaderAndIsr(leader=0, leaderEpoch=0, isrWithBrokerEpoch=List(BrokerState(brokerId=0, brokerEpoch=-1)), leaderRecoveryState=RECOVERED, partitionEpoch=0) (state.change.logger)
[2024-05-29 18:12:47,082] INFO [Controller id=0 epoch=2] Sending LeaderAndIsr request to broker 0 with 1 become-leader and 0 become-follower partitions (state.change.logger)
[2024-05-29 18:12:47,082] INFO [Controller id=0 epoch=2] Sending UpdateMetadata request to brokers HashSet(0) for 1 partitions (state.change.logger)
[2024-05-29 18:12:47,083] INFO [Controller id=0 epoch=2] Sending UpdateMetadata request to brokers HashSet() for 0 partitions (state.change.logger)
[2024-05-29 18:12:47,084] INFO [Broker id=0] Handling LeaderAndIsr request correlationId 3 from controller 0 for 1 partitions (state.change.logger)
[2024-05-29 18:12:47,086] INFO [Broker id=0] Stopped fetchers as part of LeaderAndIsr request correlationId 3 from controller 0 epoch 2 as part of the become-leader transition for 1 partitions (state.change.logger)
[2024-05-29 18:12:47,128] INFO [Broker id=0] Leader HT-topic4-0 with topic id Some(7YDg4UYxTSSt7fpfAHR1Sg) starts at leader epoch 0 from offset 0 with partition epoch 0, high watermark 0, ISR [0], adding replicas [] and removing replicas [] . Previous leader None and previous leader epoch was -1. (state.change.logger)
[2024-05-29 18:12:47,179] INFO [Broker id=0] Finished LeaderAndIsr request in 95ms correlationId 3 from controller 0 for 1 partitions (state.change.logger)
[2024-05-29 18:12:47,217] INFO [Broker id=0] Add 1 partitions and deleted 0 partitions from metadata cache in response to UpdateMetadata request sent by controller 0 epoch 2 with correlation id 4 (state.change.logger)
[2024-05-29 18:18:28,848] INFO [Controller id=0 epoch=2] Changed partition __consumer_offsets-22 state from NonExistentPartition to NewPartition with assigned replicas 0 (state.change.logger)
[2024-05-29 18:18:28,848] INFO [Controller id=0 epoch=2] Changed partition __consumer_offsets-30 state from NonExistentPartition to NewPartition with assigned replicas 0 (state.change.logger)
[2024-05-29 18:18:28,848] INFO [Controller id=0 epoch=2] Changed partition __consumer_offsets-25 state from NonExistentPartition to NewPartition with assigned replicas 0 (state.change.logger)
[2024-05-29 18:18:28,848] INFO [Controller id=0 epoch=2] Changed partition __consumer_offsets-35 state from NonExistentPartition to NewPartition with assigned replicas 0 (state.change.logger)
[2024-05-29 18:18:28,848] INFO [Controller id=0 epoch=2] Changed partition __consumer_offsets-37 state from NonExistentPartition to NewPartition with assigned replicas 0 (state.change.logger)
[2024-05-29 18:18:28,848] INFO [Controller id=0 epoch=2] Changed partition __consumer_offsets-38 state from NonExistentPartition to NewPartition with assigned replicas 0 (state.change.logger)
[2024-05-29 18:18:28,848] INFO [Controller id=0 epoch=2] Changed partition __consumer_offsets-13 state from NonExistentPartition to NewPartition with assigned replicas 0 (state.change.logger)
[2024-05-29 18:18:28,848] INFO [Controller id=0 epoch=2] Changed partition __consumer_offsets-8 state from NonExistentPartition to NewPartition with assigned replicas 0 (state.change.logger)
[2024-05-29 18:18:28,848] INFO [Controller id=0 epoch=2] Changed partition __consumer_offsets-21 state from NonExistentPartition to NewPartition with assigned replicas 0 (state.change.logger)
[2024-05-29 18:18:28,848] INFO [Controller id=0 epoch=2] Changed partition __consumer_offsets-4 state from NonExistentPartition to NewPartition with assigned replicas 0 (state.change.logger)
[2024-05-29 18:18:28,848] INFO [Controller id=0 epoch=2] Changed partition __consumer_offsets-27 state from NonExistentPartition to NewPartition with assigned replicas 0 (state.change.logger)
[2024-05-29 18:18:28,848] INFO [Controller id=0 epoch=2] Changed partition __consumer_offsets-7 state from NonExistentPartition to NewPartition with assigned replicas 0 (state.change.logger)
[2024-05-29 18:18:28,848] INFO [Controller id=0 epoch=2] Changed partition __consumer_offsets-9 state from NonExistentPartition to NewPartition with assigned replicas 0 (state.change.logger)
[2024-05-29 18:18:28,848] INFO [Controller id=0 epoch=2] Changed partition __consumer_offsets-46 state from NonExistentPartition to NewPartition with assigned replicas 0 (state.change.logger)
[2024-05-29 18:18:28,848] INFO [Controller id=0 epoch=2] Changed partition __consumer_offsets-41 state from NonExistentPartition to NewPartition with assigned replicas 0 (state.change.logger)
[2024-05-29 18:18:28,848] INFO [Controller id=0 epoch=2] Changed partition __consumer_offsets-33 state from NonExistentPartition to NewPartition with assigned replicas 0 (state.change.logger)
[2024-05-29 18:18:28,848] INFO [Controller id=0 epoch=2] Changed partition __consumer_offsets-23 state from NonExistentPartition to NewPartition with assigned replicas 0 (state.change.logger)
[2024-05-29 18:18:28,848] INFO [Controller id=0 epoch=2] Changed partition __consumer_offsets-49 state from NonExistentPartition to NewPartition with assigned replicas 0 (state.change.logger)
[2024-05-29 18:18:28,848] INFO [Controller id=0 epoch=2] Changed partition __consumer_offsets-47 state from NonExistentPartition to NewPartition with assigned replicas 0 (state.change.logger)
[2024-05-29 18:18:28,848] INFO [Controller id=0 epoch=2] Changed partition __consumer_offsets-16 state from NonExistentPartition to NewPartition with assigned replicas 0 (state.change.logger)
[2024-05-29 18:18:28,848] INFO [Controller id=0 epoch=2] Changed partition __consumer_offsets-28 state from NonExistentPartition to NewPartition with assigned replicas 0 (state.change.logger)
[2024-05-29 18:18:28,848] INFO [Controller id=0 epoch=2] Changed partition __consumer_offsets-31 state from NonExistentPartition to NewPartition with assigned replicas 0 (state.change.logger)
[2024-05-29 18:18:28,848] INFO [Controller id=0 epoch=2] Changed partition __consumer_offsets-36 state from NonExistentPartition to NewPartition with assigned replicas 0 (state.change.logger)
[2024-05-29 18:18:28,848] INFO [Controller id=0 epoch=2] Changed partition __consumer_offsets-42 state from NonExistentPartition to NewPartition with assigned replicas 0 (state.change.logger)
[2024-05-29 18:18:28,848] INFO [Controller id=0 epoch=2] Changed partition __consumer_offsets-3 state from NonExistentPartition to NewPartition with assigned replicas 0 (state.change.logger)
[2024-05-29 18:18:28,848] INFO [Controller id=0 epoch=2] Changed partition __consumer_offsets-18 state from NonExistentPartition to NewPartition with assigned replicas 0 (state.change.logger)
[2024-05-29 18:18:28,848] INFO [Controller id=0 epoch=2] Changed partition __consumer_offsets-15 state from NonExistentPartition to NewPartition with assigned replicas 0 (state.change.logger)
[2024-05-29 18:18:28,849] INFO [Controller id=0 epoch=2] Changed partition __consumer_offsets-24 state from NonExistentPartition to NewPartition with assigned replicas 0 (state.change.logger)
[2024-05-29 18:18:28,849] INFO [Controller id=0 epoch=2] Changed partition __consumer_offsets-17 state from NonExistentPartition to NewPartition with assigned replicas 0 (state.change.logger)
[2024-05-29 18:18:28,849] INFO [Controller id=0 epoch=2] Changed partition __consumer_offsets-48 state from NonExistentPartition to NewPartition with assigned replicas 0 (state.change.logger)
[2024-05-29 18:18:28,849] INFO [Controller id=0 epoch=2] Changed partition __consumer_offsets-19 state from NonExistentPartition to NewPartition with assigned replicas 0 (state.change.logger)
[2024-05-29 18:18:28,849] INFO [Controller id=0 epoch=2] Changed partition __consumer_offsets-11 state from NonExistentPartition to NewPartition with assigned replicas 0 (state.change.logger)
[2024-05-29 18:18:28,849] INFO [Controller id=0 epoch=2] Changed partition __consumer_offsets-2 state from NonExistentPartition to NewPartition with assigned replicas 0 (state.change.logger)
[2024-05-29 18:18:28,849] INFO [Controller id=0 epoch=2] Changed partition __consumer_offsets-43 state from NonExistentPartition to NewPartition with assigned replicas 0 (state.change.logger)
[2024-05-29 18:18:28,849] INFO [Controller id=0 epoch=2] Changed partition __consumer_offsets-6 state from NonExistentPartition to NewPartition with assigned replicas 0 (state.change.logger)
[2024-05-29 18:18:28,849] INFO [Controller id=0 epoch=2] Changed partition __consumer_offsets-14 state from NonExistentPartition to NewPartition with assigned replicas 0 (state.change.logger)
[2024-05-29 18:18:28,849] INFO [Controller id=0 epoch=2] Changed partition __consumer_offsets-20 state from NonExistentPartition to NewPartition with assigned replicas 0 (state.change.logger)
[2024-05-29 18:18:28,849] INFO [Controller id=0 epoch=2] Changed partition __consumer_offsets-0 state from NonExistentPartition to NewPartition with assigned replicas 0 (state.change.logger)
[2024-05-29 18:18:28,849] INFO [Controller id=0 epoch=2] Changed partition __consumer_offsets-44 state from NonExistentPartition to NewPartition with assigned replicas 0 (state.change.logger)
[2024-05-29 18:18:28,849] INFO [Controller id=0 epoch=2] Changed partition __consumer_offsets-39 state from NonExistentPartition to NewPartition with assigned replicas 0 (state.change.logger)
[2024-05-29 18:18:28,849] INFO [Controller id=0 epoch=2] Changed partition __consumer_offsets-12 state from NonExistentPartition to NewPartition with assigned replicas 0 (state.change.logger)
[2024-05-29 18:18:28,849] INFO [Controller id=0 epoch=2] Changed partition __consumer_offsets-45 state from NonExistentPartition to NewPartition with assigned replicas 0 (state.change.logger)
[2024-05-29 18:18:28,849] INFO [Controller id=0 epoch=2] Changed partition __consumer_offsets-1 state from NonExistentPartition to NewPartition with assigned replicas 0 (state.change.logger)
[2024-05-29 18:18:28,849] INFO [Controller id=0 epoch=2] Changed partition __consumer_offsets-5 state from NonExistentPartition to NewPartition with assigned replicas 0 (state.change.logger)
[2024-05-29 18:18:28,849] INFO [Controller id=0 epoch=2] Changed partition __consumer_offsets-26 state from NonExistentPartition to NewPartition with assigned replicas 0 (state.change.logger)
[2024-05-29 18:18:28,849] INFO [Controller id=0 epoch=2] Changed partition __consumer_offsets-29 state from NonExistentPartition to NewPartition with assigned replicas 0 (state.change.logger)
[2024-05-29 18:18:28,849] INFO [Controller id=0 epoch=2] Changed partition __consumer_offsets-34 state from NonExistentPartition to NewPartition with assigned replicas 0 (state.change.logger)
[2024-05-29 18:18:28,849] INFO [Controller id=0 epoch=2] Changed partition __consumer_offsets-10 state from NonExistentPartition to NewPartition with assigned replicas 0 (state.change.logger)
[2024-05-29 18:18:28,849] INFO [Controller id=0 epoch=2] Changed partition __consumer_offsets-32 state from NonExistentPartition to NewPartition with assigned replicas 0 (state.change.logger)
[2024-05-29 18:18:28,849] INFO [Controller id=0 epoch=2] Changed partition __consumer_offsets-40 state from NonExistentPartition to NewPartition with assigned replicas 0 (state.change.logger)
[2024-05-29 18:18:28,849] INFO [Controller id=0 epoch=2] Sending UpdateMetadata request to brokers HashSet() for 0 partitions (state.change.logger)
[2024-05-29 18:18:28,851] INFO [Controller id=0 epoch=2] Sending UpdateMetadata request to brokers HashSet() for 0 partitions (state.change.logger)
[2024-05-29 18:18:29,144] INFO [Controller id=0 epoch=2] Changed partition __consumer_offsets-22 from NewPartition to OnlinePartition with state LeaderAndIsr(leader=0, leaderEpoch=0, isrWithBrokerEpoch=List(BrokerState(brokerId=0, brokerEpoch=-1)), leaderRecoveryState=RECOVERED, partitionEpoch=0) (state.change.logger)
[2024-05-29 18:18:29,144] INFO [Controller id=0 epoch=2] Changed partition __consumer_offsets-30 from NewPartition to OnlinePartition with state LeaderAndIsr(leader=0, leaderEpoch=0, isrWithBrokerEpoch=List(BrokerState(brokerId=0, brokerEpoch=-1)), leaderRecoveryState=RECOVERED, partitionEpoch=0) (state.change.logger)
[2024-05-29 18:18:29,144] INFO [Controller id=0 epoch=2] Changed partition __consumer_offsets-25 from NewPartition to OnlinePartition with state LeaderAndIsr(leader=0, leaderEpoch=0, isrWithBrokerEpoch=List(BrokerState(brokerId=0, brokerEpoch=-1)), leaderRecoveryState=RECOVERED, partitionEpoch=0) (state.change.logger)
[2024-05-29 18:18:29,144] INFO [Controller id=0 epoch=2] Changed partition __consumer_offsets-35 from NewPartition to OnlinePartition with state LeaderAndIsr(leader=0, leaderEpoch=0, isrWithBrokerEpoch=List(BrokerState(brokerId=0, brokerEpoch=-1)), leaderRecoveryState=RECOVERED, partitionEpoch=0) (state.change.logger)
[2024-05-29 18:18:29,145] INFO [Controller id=0 epoch=2] Changed partition __consumer_offsets-37 from NewPartition to OnlinePartition with state LeaderAndIsr(leader=0, leaderEpoch=0, isrWithBrokerEpoch=List(BrokerState(brokerId=0, brokerEpoch=-1)), leaderRecoveryState=RECOVERED, partitionEpoch=0) (state.change.logger)
[2024-05-29 18:18:29,145] INFO [Controller id=0 epoch=2] Changed partition __consumer_offsets-38 from NewPartition to OnlinePartition with state LeaderAndIsr(leader=0, leaderEpoch=0, isrWithBrokerEpoch=List(BrokerState(brokerId=0, brokerEpoch=-1)), leaderRecoveryState=RECOVERED, partitionEpoch=0) (state.change.logger)
[2024-05-29 18:18:29,145] INFO [Controller id=0 epoch=2] Changed partition __consumer_offsets-13 from NewPartition to OnlinePartition with state LeaderAndIsr(leader=0, leaderEpoch=0, isrWithBrokerEpoch=List(BrokerState(brokerId=0, brokerEpoch=-1)), leaderRecoveryState=RECOVERED, partitionEpoch=0) (state.change.logger)
[2024-05-29 18:18:29,145] INFO [Controller id=0 epoch=2] Changed partition __consumer_offsets-8 from NewPartition to OnlinePartition with state LeaderAndIsr(leader=0, leaderEpoch=0, isrWithBrokerEpoch=List(BrokerState(brokerId=0, brokerEpoch=-1)), leaderRecoveryState=RECOVERED, partitionEpoch=0) (state.change.logger)
[2024-05-29 18:18:29,145] INFO [Controller id=0 epoch=2] Changed partition __consumer_offsets-21 from NewPartition to OnlinePartition with state LeaderAndIsr(leader=0, leaderEpoch=0, isrWithBrokerEpoch=List(BrokerState(brokerId=0, brokerEpoch=-1)), leaderRecoveryState=RECOVERED, partitionEpoch=0) (state.change.logger)
[2024-05-29 18:18:29,145] INFO [Controller id=0 epoch=2] Changed partition __consumer_offsets-4 from NewPartition to OnlinePartition with state LeaderAndIsr(leader=0, leaderEpoch=0, isrWithBrokerEpoch=List(BrokerState(brokerId=0, brokerEpoch=-1)), leaderRecoveryState=RECOVERED, partitionEpoch=0) (state.change.logger)
[2024-05-29 18:18:29,145] INFO [Controller id=0 epoch=2] Changed partition __consumer_offsets-27 from NewPartition to OnlinePartition with state LeaderAndIsr(leader=0, leaderEpoch=0, isrWithBrokerEpoch=List(BrokerState(brokerId=0, brokerEpoch=-1)), leaderRecoveryState=RECOVERED, partitionEpoch=0) (state.change.logger)
[2024-05-29 18:18:29,145] INFO [Controller id=0 epoch=2] Changed partition __consumer_offsets-7 from NewPartition to OnlinePartition with state LeaderAndIsr(leader=0, leaderEpoch=0, isrWithBrokerEpoch=List(BrokerState(brokerId=0, brokerEpoch=-1)), leaderRecoveryState=RECOVERED, partitionEpoch=0) (state.change.logger)
[2024-05-29 18:18:29,145] INFO [Controller id=0 epoch=2] Changed partition __consumer_offsets-9 from NewPartition to OnlinePartition with state LeaderAndIsr(leader=0, leaderEpoch=0, isrWithBrokerEpoch=List(BrokerState(brokerId=0, brokerEpoch=-1)), leaderRecoveryState=RECOVERED, partitionEpoch=0) (state.change.logger)
[2024-05-29 18:18:29,145] INFO [Controller id=0 epoch=2] Changed partition __consumer_offsets-46 from NewPartition to OnlinePartition with state LeaderAndIsr(leader=0, leaderEpoch=0, isrWithBrokerEpoch=List(BrokerState(brokerId=0, brokerEpoch=-1)), leaderRecoveryState=RECOVERED, partitionEpoch=0) (state.change.logger)
[2024-05-29 18:18:29,145] INFO [Controller id=0 epoch=2] Changed partition __consumer_offsets-41 from NewPartition to OnlinePartition with state LeaderAndIsr(leader=0, leaderEpoch=0, isrWithBrokerEpoch=List(BrokerState(brokerId=0, brokerEpoch=-1)), leaderRecoveryState=RECOVERED, partitionEpoch=0) (state.change.logger)
[2024-05-29 18:18:29,145] INFO [Controller id=0 epoch=2] Changed partition __consumer_offsets-33 from NewPartition to OnlinePartition with state LeaderAndIsr(leader=0, leaderEpoch=0, isrWithBrokerEpoch=List(BrokerState(brokerId=0, brokerEpoch=-1)), leaderRecoveryState=RECOVERED, partitionEpoch=0) (state.change.logger)
[2024-05-29 18:18:29,145] INFO [Controller id=0 epoch=2] Changed partition __consumer_offsets-23 from NewPartition to OnlinePartition with state LeaderAndIsr(leader=0, leaderEpoch=0, isrWithBrokerEpoch=List(BrokerState(brokerId=0, brokerEpoch=-1)), leaderRecoveryState=RECOVERED, partitionEpoch=0) (state.change.logger)
[2024-05-29 18:18:29,145] INFO [Controller id=0 epoch=2] Changed partition __consumer_offsets-49 from NewPartition to OnlinePartition with state LeaderAndIsr(leader=0, leaderEpoch=0, isrWithBrokerEpoch=List(BrokerState(brokerId=0, brokerEpoch=-1)), leaderRecoveryState=RECOVERED, partitionEpoch=0) (state.change.logger)
[2024-05-29 18:18:29,145] INFO [Controller id=0 epoch=2] Changed partition __consumer_offsets-47 from NewPartition to OnlinePartition with state LeaderAndIsr(leader=0, leaderEpoch=0, isrWithBrokerEpoch=List(BrokerState(brokerId=0, brokerEpoch=-1)), leaderRecoveryState=RECOVERED, partitionEpoch=0) (state.change.logger)
[2024-05-29 18:18:29,145] INFO [Controller id=0 epoch=2] Changed partition __consumer_offsets-16 from NewPartition to OnlinePartition with state LeaderAndIsr(leader=0, leaderEpoch=0, isrWithBrokerEpoch=List(BrokerState(brokerId=0, brokerEpoch=-1)), leaderRecoveryState=RECOVERED, partitionEpoch=0) (state.change.logger)
[2024-05-29 18:18:29,145] INFO [Controller id=0 epoch=2] Changed partition __consumer_offsets-28 from NewPartition to OnlinePartition with state LeaderAndIsr(leader=0, leaderEpoch=0, isrWithBrokerEpoch=List(BrokerState(brokerId=0, brokerEpoch=-1)), leaderRecoveryState=RECOVERED, partitionEpoch=0) (state.change.logger)
[2024-05-29 18:18:29,145] INFO [Controller id=0 epoch=2] Changed partition __consumer_offsets-31 from NewPartition to OnlinePartition with state LeaderAndIsr(leader=0, leaderEpoch=0, isrWithBrokerEpoch=List(BrokerState(brokerId=0, brokerEpoch=-1)), leaderRecoveryState=RECOVERED, partitionEpoch=0) (state.change.logger)
[2024-05-29 18:18:29,146] INFO [Controller id=0 epoch=2] Changed partition __consumer_offsets-36 from NewPartition to OnlinePartition with state LeaderAndIsr(leader=0, leaderEpoch=0, isrWithBrokerEpoch=List(BrokerState(brokerId=0, brokerEpoch=-1)), leaderRecoveryState=RECOVERED, partitionEpoch=0) (state.change.logger)
[2024-05-29 18:18:29,147] INFO [Controller id=0 epoch=2] Changed partition __consumer_offsets-42 from NewPartition to OnlinePartition with state LeaderAndIsr(leader=0, leaderEpoch=0, isrWithBrokerEpoch=List(BrokerState(brokerId=0, brokerEpoch=-1)), leaderRecoveryState=RECOVERED, partitionEpoch=0) (state.change.logger)
[2024-05-29 18:18:29,147] INFO [Controller id=0 epoch=2] Changed partition __consumer_offsets-3 from NewPartition to OnlinePartition with state LeaderAndIsr(leader=0, leaderEpoch=0, isrWithBrokerEpoch=List(BrokerState(brokerId=0, brokerEpoch=-1)), leaderRecoveryState=RECOVERED, partitionEpoch=0) (state.change.logger)
[2024-05-29 18:18:29,147] INFO [Controller id=0 epoch=2] Changed partition __consumer_offsets-18 from NewPartition to OnlinePartition with state LeaderAndIsr(leader=0, leaderEpoch=0, isrWithBrokerEpoch=List(BrokerState(brokerId=0, brokerEpoch=-1)), leaderRecoveryState=RECOVERED, partitionEpoch=0) (state.change.logger)
[2024-05-29 18:18:29,147] INFO [Controller id=0 epoch=2] Changed partition __consumer_offsets-15 from NewPartition to OnlinePartition with state LeaderAndIsr(leader=0, leaderEpoch=0, isrWithBrokerEpoch=List(BrokerState(brokerId=0, brokerEpoch=-1)), leaderRecoveryState=RECOVERED, partitionEpoch=0) (state.change.logger)
[2024-05-29 18:18:29,147] INFO [Controller id=0 epoch=2] Changed partition __consumer_offsets-24 from NewPartition to OnlinePartition with state LeaderAndIsr(leader=0, leaderEpoch=0, isrWithBrokerEpoch=List(BrokerState(brokerId=0, brokerEpoch=-1)), leaderRecoveryState=RECOVERED, partitionEpoch=0) (state.change.logger)
[2024-05-29 18:18:29,147] INFO [Controller id=0 epoch=2] Changed partition __consumer_offsets-17 from NewPartition to OnlinePartition with state LeaderAndIsr(leader=0, leaderEpoch=0, isrWithBrokerEpoch=List(BrokerState(brokerId=0, brokerEpoch=-1)), leaderRecoveryState=RECOVERED, partitionEpoch=0) (state.change.logger)
[2024-05-29 18:18:29,147] INFO [Controller id=0 epoch=2] Changed partition __consumer_offsets-48 from NewPartition to OnlinePartition with state LeaderAndIsr(leader=0, leaderEpoch=0, isrWithBrokerEpoch=List(BrokerState(brokerId=0, brokerEpoch=-1)), leaderRecoveryState=RECOVERED, partitionEpoch=0) (state.change.logger)
[2024-05-29 18:18:29,147] INFO [Controller id=0 epoch=2] Changed partition __consumer_offsets-19 from NewPartition to OnlinePartition with state LeaderAndIsr(leader=0, leaderEpoch=0, isrWithBrokerEpoch=List(BrokerState(brokerId=0, brokerEpoch=-1)), leaderRecoveryState=RECOVERED, partitionEpoch=0) (state.change.logger)
[2024-05-29 18:18:29,147] INFO [Controller id=0 epoch=2] Changed partition __consumer_offsets-11 from NewPartition to OnlinePartition with state LeaderAndIsr(leader=0, leaderEpoch=0, isrWithBrokerEpoch=List(BrokerState(brokerId=0, brokerEpoch=-1)), leaderRecoveryState=RECOVERED, partitionEpoch=0) (state.change.logger)
[2024-05-29 18:18:29,147] INFO [Controller id=0 epoch=2] Changed partition __consumer_offsets-2 from NewPartition to OnlinePartition with state LeaderAndIsr(leader=0, leaderEpoch=0, isrWithBrokerEpoch=List(BrokerState(brokerId=0, brokerEpoch=-1)), leaderRecoveryState=RECOVERED, partitionEpoch=0) (state.change.logger)
[2024-05-29 18:18:29,147] INFO [Controller id=0 epoch=2] Changed partition __consumer_offsets-43 from NewPartition to OnlinePartition with state LeaderAndIsr(leader=0, leaderEpoch=0, isrWithBrokerEpoch=List(BrokerState(brokerId=0, brokerEpoch=-1)), leaderRecoveryState=RECOVERED, partitionEpoch=0) (state.change.logger)
[2024-05-29 18:18:29,147] INFO [Controller id=0 epoch=2] Changed partition __consumer_offsets-6 from NewPartition to OnlinePartition with state LeaderAndIsr(leader=0, leaderEpoch=0, isrWithBrokerEpoch=List(BrokerState(brokerId=0, brokerEpoch=-1)), leaderRecoveryState=RECOVERED, partitionEpoch=0) (state.change.logger)
[2024-05-29 18:18:29,147] INFO [Controller id=0 epoch=2] Changed partition __consumer_offsets-14 from NewPartition to OnlinePartition with state LeaderAndIsr(leader=0, leaderEpoch=0, isrWithBrokerEpoch=List(BrokerState(brokerId=0, brokerEpoch=-1)), leaderRecoveryState=RECOVERED, partitionEpoch=0) (state.change.logger)
[2024-05-29 18:18:29,147] INFO [Controller id=0 epoch=2] Changed partition __consumer_offsets-20 from NewPartition to OnlinePartition with state LeaderAndIsr(leader=0, leaderEpoch=0, isrWithBrokerEpoch=List(BrokerState(brokerId=0, brokerEpoch=-1)), leaderRecoveryState=RECOVERED, partitionEpoch=0) (state.change.logger)
[2024-05-29 18:18:29,147] INFO [Controller id=0 epoch=2] Changed partition __consumer_offsets-0 from NewPartition to OnlinePartition with state LeaderAndIsr(leader=0, leaderEpoch=0, isrWithBrokerEpoch=List(BrokerState(brokerId=0, brokerEpoch=-1)), leaderRecoveryState=RECOVERED, partitionEpoch=0) (state.change.logger)
[2024-05-29 18:18:29,147] INFO [Controller id=0 epoch=2] Changed partition __consumer_offsets-44 from NewPartition to OnlinePartition with state LeaderAndIsr(leader=0, leaderEpoch=0, isrWithBrokerEpoch=List(BrokerState(brokerId=0, brokerEpoch=-1)), leaderRecoveryState=RECOVERED, partitionEpoch=0) (state.change.logger)
[2024-05-29 18:18:29,147] INFO [Controller id=0 epoch=2] Changed partition __consumer_offsets-39 from NewPartition to OnlinePartition with state LeaderAndIsr(leader=0, leaderEpoch=0, isrWithBrokerEpoch=List(BrokerState(brokerId=0, brokerEpoch=-1)), leaderRecoveryState=RECOVERED, partitionEpoch=0) (state.change.logger)
[2024-05-29 18:18:29,147] INFO [Controller id=0 epoch=2] Changed partition __consumer_offsets-12 from NewPartition to OnlinePartition with state LeaderAndIsr(leader=0, leaderEpoch=0, isrWithBrokerEpoch=List(BrokerState(brokerId=0, brokerEpoch=-1)), leaderRecoveryState=RECOVERED, partitionEpoch=0) (state.change.logger)
[2024-05-29 18:18:29,147] INFO [Controller id=0 epoch=2] Changed partition __consumer_offsets-45 from NewPartition to OnlinePartition with state LeaderAndIsr(leader=0, leaderEpoch=0, isrWithBrokerEpoch=List(BrokerState(brokerId=0, brokerEpoch=-1)), leaderRecoveryState=RECOVERED, partitionEpoch=0) (state.change.logger)
[2024-05-29 18:18:29,147] INFO [Controller id=0 epoch=2] Changed partition __consumer_offsets-1 from NewPartition to OnlinePartition with state LeaderAndIsr(leader=0, leaderEpoch=0, isrWithBrokerEpoch=List(BrokerState(brokerId=0, brokerEpoch=-1)), leaderRecoveryState=RECOVERED, partitionEpoch=0) (state.change.logger)
[2024-05-29 18:18:29,147] INFO [Controller id=0 epoch=2] Changed partition __consumer_offsets-5 from NewPartition to OnlinePartition with state LeaderAndIsr(leader=0, leaderEpoch=0, isrWithBrokerEpoch=List(BrokerState(brokerId=0, brokerEpoch=-1)), leaderRecoveryState=RECOVERED, partitionEpoch=0) (state.change.logger)
[2024-05-29 18:18:29,147] INFO [Controller id=0 epoch=2] Changed partition __consumer_offsets-26 from NewPartition to OnlinePartition with state LeaderAndIsr(leader=0, leaderEpoch=0, isrWithBrokerEpoch=List(BrokerState(brokerId=0, brokerEpoch=-1)), leaderRecoveryState=RECOVERED, partitionEpoch=0) (state.change.logger)
[2024-05-29 18:18:29,148] INFO [Controller id=0 epoch=2] Changed partition __consumer_offsets-29 from NewPartition to OnlinePartition with state LeaderAndIsr(leader=0, leaderEpoch=0, isrWithBrokerEpoch=List(BrokerState(brokerId=0, brokerEpoch=-1)), leaderRecoveryState=RECOVERED, partitionEpoch=0) (state.change.logger)
[2024-05-29 18:18:29,148] INFO [Controller id=0 epoch=2] Changed partition __consumer_offsets-34 from NewPartition to OnlinePartition with state LeaderAndIsr(leader=0, leaderEpoch=0, isrWithBrokerEpoch=List(BrokerState(brokerId=0, brokerEpoch=-1)), leaderRecoveryState=RECOVERED, partitionEpoch=0) (state.change.logger)
[2024-05-29 18:18:29,148] INFO [Controller id=0 epoch=2] Changed partition __consumer_offsets-10 from NewPartition to OnlinePartition with state LeaderAndIsr(leader=0, leaderEpoch=0, isrWithBrokerEpoch=List(BrokerState(brokerId=0, brokerEpoch=-1)), leaderRecoveryState=RECOVERED, partitionEpoch=0) (state.change.logger)
[2024-05-29 18:18:29,148] INFO [Controller id=0 epoch=2] Changed partition __consumer_offsets-32 from NewPartition to OnlinePartition with state LeaderAndIsr(leader=0, leaderEpoch=0, isrWithBrokerEpoch=List(BrokerState(brokerId=0, brokerEpoch=-1)), leaderRecoveryState=RECOVERED, partitionEpoch=0) (state.change.logger)
[2024-05-29 18:18:29,148] INFO [Controller id=0 epoch=2] Changed partition __consumer_offsets-40 from NewPartition to OnlinePartition with state LeaderAndIsr(leader=0, leaderEpoch=0, isrWithBrokerEpoch=List(BrokerState(brokerId=0, brokerEpoch=-1)), leaderRecoveryState=RECOVERED, partitionEpoch=0) (state.change.logger)
[2024-05-29 18:18:29,148] INFO [Controller id=0 epoch=2] Sending LeaderAndIsr request to broker 0 with 50 become-leader and 0 become-follower partitions (state.change.logger)
[2024-05-29 18:18:29,148] INFO [Controller id=0 epoch=2] Sending UpdateMetadata request to brokers HashSet(0) for 50 partitions (state.change.logger)
[2024-05-29 18:18:29,151] INFO [Controller id=0 epoch=2] Sending UpdateMetadata request to brokers HashSet() for 0 partitions (state.change.logger)
[2024-05-29 18:18:29,151] INFO [Broker id=0] Handling LeaderAndIsr request correlationId 5 from controller 0 for 50 partitions (state.change.logger)
[2024-05-29 18:18:29,176] INFO [Broker id=0] Stopped fetchers as part of LeaderAndIsr request correlationId 5 from controller 0 epoch 2 as part of the become-leader transition for 50 partitions (state.change.logger)
[2024-05-29 18:18:29,198] INFO [Broker id=0] Leader __consumer_offsets-3 with topic id Some(vsiq0YVxSgqdH-l4bhvDnQ) starts at leader epoch 0 from offset 0 with partition epoch 0, high watermark 0, ISR [0], adding replicas [] and removing replicas [] . Previous leader None and previous leader epoch was -1. (state.change.logger)
[2024-05-29 18:18:29,227] INFO [Broker id=0] Leader __consumer_offsets-18 with topic id Some(vsiq0YVxSgqdH-l4bhvDnQ) starts at leader epoch 0 from offset 0 with partition epoch 0, high watermark 0, ISR [0], adding replicas [] and removing replicas [] . Previous leader None and previous leader epoch was -1. (state.change.logger)
[2024-05-29 18:18:29,260] INFO [Broker id=0] Leader __consumer_offsets-41 with topic id Some(vsiq0YVxSgqdH-l4bhvDnQ) starts at leader epoch 0 from offset 0 with partition epoch 0, high watermark 0, ISR [0], adding replicas [] and removing replicas [] . Previous leader None and previous leader epoch was -1. (state.change.logger)
[2024-05-29 18:18:29,302] INFO [Broker id=0] Leader __consumer_offsets-10 with topic id Some(vsiq0YVxSgqdH-l4bhvDnQ) starts at leader epoch 0 from offset 0 with partition epoch 0, high watermark 0, ISR [0], adding replicas [] and removing replicas [] . Previous leader None and previous leader epoch was -1. (state.change.logger)
[2024-05-29 18:18:29,342] INFO [Broker id=0] Leader __consumer_offsets-33 with topic id Some(vsiq0YVxSgqdH-l4bhvDnQ) starts at leader epoch 0 from offset 0 with partition epoch 0, high watermark 0, ISR [0], adding replicas [] and removing replicas [] . Previous leader None and previous leader epoch was -1. (state.change.logger)
[2024-05-29 18:18:29,377] INFO [Broker id=0] Leader __consumer_offsets-48 with topic id Some(vsiq0YVxSgqdH-l4bhvDnQ) starts at leader epoch 0 from offset 0 with partition epoch 0, high watermark 0, ISR [0], adding replicas [] and removing replicas [] . Previous leader None and previous leader epoch was -1. (state.change.logger)
[2024-05-29 18:18:29,480] INFO [Broker id=0] Leader __consumer_offsets-19 with topic id Some(vsiq0YVxSgqdH-l4bhvDnQ) starts at leader epoch 0 from offset 0 with partition epoch 0, high watermark 0, ISR [0], adding replicas [] and removing replicas [] . Previous leader None and previous leader epoch was -1. (state.change.logger)
[2024-05-29 18:18:29,524] INFO [Broker id=0] Leader __consumer_offsets-34 with topic id Some(vsiq0YVxSgqdH-l4bhvDnQ) starts at leader epoch 0 from offset 0 with partition epoch 0, high watermark 0, ISR [0], adding replicas [] and removing replicas [] . Previous leader None and previous leader epoch was -1. (state.change.logger)
[2024-05-29 18:18:29,564] INFO [Broker id=0] Leader __consumer_offsets-4 with topic id Some(vsiq0YVxSgqdH-l4bhvDnQ) starts at leader epoch 0 from offset 0 with partition epoch 0, high watermark 0, ISR [0], adding replicas [] and removing replicas [] . Previous leader None and previous leader epoch was -1. (state.change.logger)
[2024-05-29 18:18:29,605] INFO [Broker id=0] Leader __consumer_offsets-11 with topic id Some(vsiq0YVxSgqdH-l4bhvDnQ) starts at leader epoch 0 from offset 0 with partition epoch 0, high watermark 0, ISR [0], adding replicas [] and removing replicas [] . Previous leader None and previous leader epoch was -1. (state.change.logger)
[2024-05-29 18:18:29,646] INFO [Broker id=0] Leader __consumer_offsets-26 with topic id Some(vsiq0YVxSgqdH-l4bhvDnQ) starts at leader epoch 0 from offset 0 with partition epoch 0, high watermark 0, ISR [0], adding replicas [] and removing replicas [] . Previous leader None and previous leader epoch was -1. (state.change.logger)
[2024-05-29 18:18:29,695] INFO [Broker id=0] Leader __consumer_offsets-49 with topic id Some(vsiq0YVxSgqdH-l4bhvDnQ) starts at leader epoch 0 from offset 0 with partition epoch 0, high watermark 0, ISR [0], adding replicas [] and removing replicas [] . Previous leader None and previous leader epoch was -1. (state.change.logger)
[2024-05-29 18:18:29,735] INFO [Broker id=0] Leader __consumer_offsets-39 with topic id Some(vsiq0YVxSgqdH-l4bhvDnQ) starts at leader epoch 0 from offset 0 with partition epoch 0, high watermark 0, ISR [0], adding replicas [] and removing replicas [] . Previous leader None and previous leader epoch was -1. (state.change.logger)
[2024-05-29 18:18:29,768] INFO [Broker id=0] Leader __consumer_offsets-9 with topic id Some(vsiq0YVxSgqdH-l4bhvDnQ) starts at leader epoch 0 from offset 0 with partition epoch 0, high watermark 0, ISR [0], adding replicas [] and removing replicas [] . Previous leader None and previous leader epoch was -1. (state.change.logger)
[2024-05-29 18:18:29,787] INFO [Broker id=0] Leader __consumer_offsets-24 with topic id Some(vsiq0YVxSgqdH-l4bhvDnQ) starts at leader epoch 0 from offset 0 with partition epoch 0, high watermark 0, ISR [0], adding replicas [] and removing replicas [] . Previous leader None and previous leader epoch was -1. (state.change.logger)
[2024-05-29 18:18:29,836] INFO [Broker id=0] Leader __consumer_offsets-31 with topic id Some(vsiq0YVxSgqdH-l4bhvDnQ) starts at leader epoch 0 from offset 0 with partition epoch 0, high watermark 0, ISR [0], adding replicas [] and removing replicas [] . Previous leader None and previous leader epoch was -1. (state.change.logger)
[2024-05-29 18:18:29,865] INFO [Broker id=0] Leader __consumer_offsets-46 with topic id Some(vsiq0YVxSgqdH-l4bhvDnQ) starts at leader epoch 0 from offset 0 with partition epoch 0, high watermark 0, ISR [0], adding replicas [] and removing replicas [] . Previous leader None and previous leader epoch was -1. (state.change.logger)
[2024-05-29 18:18:29,894] INFO [Broker id=0] Leader __consumer_offsets-1 with topic id Some(vsiq0YVxSgqdH-l4bhvDnQ) starts at leader epoch 0 from offset 0 with partition epoch 0, high watermark 0, ISR [0], adding replicas [] and removing replicas [] . Previous leader None and previous leader epoch was -1. (state.change.logger)
[2024-05-29 18:18:29,927] INFO [Broker id=0] Leader __consumer_offsets-16 with topic id Some(vsiq0YVxSgqdH-l4bhvDnQ) starts at leader epoch 0 from offset 0 with partition epoch 0, high watermark 0, ISR [0], adding replicas [] and removing replicas [] . Previous leader None and previous leader epoch was -1. (state.change.logger)
[2024-05-29 18:18:29,960] INFO [Broker id=0] Leader __consumer_offsets-2 with topic id Some(vsiq0YVxSgqdH-l4bhvDnQ) starts at leader epoch 0 from offset 0 with partition epoch 0, high watermark 0, ISR [0], adding replicas [] and removing replicas [] . Previous leader None and previous leader epoch was -1. (state.change.logger)
[2024-05-29 18:18:29,988] INFO [Broker id=0] Leader __consumer_offsets-25 with topic id Some(vsiq0YVxSgqdH-l4bhvDnQ) starts at leader epoch 0 from offset 0 with partition epoch 0, high watermark 0, ISR [0], adding replicas [] and removing replicas [] . Previous leader None and previous leader epoch was -1. (state.change.logger)
[2024-05-29 18:18:30,036] INFO [Broker id=0] Leader __consumer_offsets-40 with topic id Some(vsiq0YVxSgqdH-l4bhvDnQ) starts at leader epoch 0 from offset 0 with partition epoch 0, high watermark 0, ISR [0], adding replicas [] and removing replicas [] . Previous leader None and previous leader epoch was -1. (state.change.logger)
[2024-05-29 18:18:30,075] INFO [Broker id=0] Leader __consumer_offsets-47 with topic id Some(vsiq0YVxSgqdH-l4bhvDnQ) starts at leader epoch 0 from offset 0 with partition epoch 0, high watermark 0, ISR [0], adding replicas [] and removing replicas [] . Previous leader None and previous leader epoch was -1. (state.change.logger)
[2024-05-29 18:18:30,112] INFO [Broker id=0] Leader __consumer_offsets-17 with topic id Some(vsiq0YVxSgqdH-l4bhvDnQ) starts at leader epoch 0 from offset 0 with partition epoch 0, high watermark 0, ISR [0], adding replicas [] and removing replicas [] . Previous leader None and previous leader epoch was -1. (state.change.logger)
[2024-05-29 18:18:30,160] INFO [Broker id=0] Leader __consumer_offsets-32 with topic id Some(vsiq0YVxSgqdH-l4bhvDnQ) starts at leader epoch 0 from offset 0 with partition epoch 0, high watermark 0, ISR [0], adding replicas [] and removing replicas [] . Previous leader None and previous leader epoch was -1. (state.change.logger)
[2024-05-29 18:18:30,198] INFO [Broker id=0] Leader __consumer_offsets-37 with topic id Some(vsiq0YVxSgqdH-l4bhvDnQ) starts at leader epoch 0 from offset 0 with partition epoch 0, high watermark 0, ISR [0], adding replicas [] and removing replicas [] . Previous leader None and previous leader epoch was -1. (state.change.logger)
[2024-05-29 18:18:30,226] INFO [Broker id=0] Leader __consumer_offsets-7 with topic id Some(vsiq0YVxSgqdH-l4bhvDnQ) starts at leader epoch 0 from offset 0 with partition epoch 0, high watermark 0, ISR [0], adding replicas [] and removing replicas [] . Previous leader None and previous leader epoch was -1. (state.change.logger)
[2024-05-29 18:18:30,271] INFO [Broker id=0] Leader __consumer_offsets-22 with topic id Some(vsiq0YVxSgqdH-l4bhvDnQ) starts at leader epoch 0 from offset 0 with partition epoch 0, high watermark 0, ISR [0], adding replicas [] and removing replicas [] . Previous leader None and previous leader epoch was -1. (state.change.logger)
[2024-05-29 18:18:30,312] INFO [Broker id=0] Leader __consumer_offsets-29 with topic id Some(vsiq0YVxSgqdH-l4bhvDnQ) starts at leader epoch 0 from offset 0 with partition epoch 0, high watermark 0, ISR [0], adding replicas [] and removing replicas [] . Previous leader None and previous leader epoch was -1. (state.change.logger)
[2024-05-29 18:18:30,376] INFO [Broker id=0] Leader __consumer_offsets-44 with topic id Some(vsiq0YVxSgqdH-l4bhvDnQ) starts at leader epoch 0 from offset 0 with partition epoch 0, high watermark 0, ISR [0], adding replicas [] and removing replicas [] . Previous leader None and previous leader epoch was -1. (state.change.logger)
[2024-05-29 18:18:30,425] INFO [Broker id=0] Leader __consumer_offsets-14 with topic id Some(vsiq0YVxSgqdH-l4bhvDnQ) starts at leader epoch 0 from offset 0 with partition epoch 0, high watermark 0, ISR [0], adding replicas [] and removing replicas [] . Previous leader None and previous leader epoch was -1. (state.change.logger)
[2024-05-29 18:18:30,479] INFO [Broker id=0] Leader __consumer_offsets-23 with topic id Some(vsiq0YVxSgqdH-l4bhvDnQ) starts at leader epoch 0 from offset 0 with partition epoch 0, high watermark 0, ISR [0], adding replicas [] and removing replicas [] . Previous leader None and previous leader epoch was -1. (state.change.logger)
[2024-05-29 18:18:30,510] INFO [Broker id=0] Leader __consumer_offsets-38 with topic id Some(vsiq0YVxSgqdH-l4bhvDnQ) starts at leader epoch 0 from offset 0 with partition epoch 0, high watermark 0, ISR [0], adding replicas [] and removing replicas [] . Previous leader None and previous leader epoch was -1. (state.change.logger)
[2024-05-29 18:18:30,566] INFO [Broker id=0] Leader __consumer_offsets-8 with topic id Some(vsiq0YVxSgqdH-l4bhvDnQ) starts at leader epoch 0 from offset 0 with partition epoch 0, high watermark 0, ISR [0], adding replicas [] and removing replicas [] . Previous leader None and previous leader epoch was -1. (state.change.logger)
[2024-05-29 18:18:30,603] INFO [Broker id=0] Leader __consumer_offsets-45 with topic id Some(vsiq0YVxSgqdH-l4bhvDnQ) starts at leader epoch 0 from offset 0 with partition epoch 0, high watermark 0, ISR [0], adding replicas [] and removing replicas [] . Previous leader None and previous leader epoch was -1. (state.change.logger)
[2024-05-29 18:18:30,642] INFO [Broker id=0] Leader __consumer_offsets-15 with topic id Some(vsiq0YVxSgqdH-l4bhvDnQ) starts at leader epoch 0 from offset 0 with partition epoch 0, high watermark 0, ISR [0], adding replicas [] and removing replicas [] . Previous leader None and previous leader epoch was -1. (state.change.logger)
[2024-05-29 18:18:30,670] INFO [Broker id=0] Leader __consumer_offsets-30 with topic id Some(vsiq0YVxSgqdH-l4bhvDnQ) starts at leader epoch 0 from offset 0 with partition epoch 0, high watermark 0, ISR [0], adding replicas [] and removing replicas [] . Previous leader None and previous leader epoch was -1. (state.change.logger)
[2024-05-29 18:18:30,721] INFO [Broker id=0] Leader __consumer_offsets-0 with topic id Some(vsiq0YVxSgqdH-l4bhvDnQ) starts at leader epoch 0 from offset 0 with partition epoch 0, high watermark 0, ISR [0], adding replicas [] and removing replicas [] . Previous leader None and previous leader epoch was -1. (state.change.logger)
[2024-05-29 18:18:30,755] INFO [Broker id=0] Leader __consumer_offsets-35 with topic id Some(vsiq0YVxSgqdH-l4bhvDnQ) starts at leader epoch 0 from offset 0 with partition epoch 0, high watermark 0, ISR [0], adding replicas [] and removing replicas [] . Previous leader None and previous leader epoch was -1. (state.change.logger)
[2024-05-29 18:18:30,790] INFO [Broker id=0] Leader __consumer_offsets-5 with topic id Some(vsiq0YVxSgqdH-l4bhvDnQ) starts at leader epoch 0 from offset 0 with partition epoch 0, high watermark 0, ISR [0], adding replicas [] and removing replicas [] . Previous leader None and previous leader epoch was -1. (state.change.logger)
[2024-05-29 18:18:30,848] INFO [Broker id=0] Leader __consumer_offsets-20 with topic id Some(vsiq0YVxSgqdH-l4bhvDnQ) starts at leader epoch 0 from offset 0 with partition epoch 0, high watermark 0, ISR [0], adding replicas [] and removing replicas [] . Previous leader None and previous leader epoch was -1. (state.change.logger)
[2024-05-29 18:18:30,887] INFO [Broker id=0] Leader __consumer_offsets-27 with topic id Some(vsiq0YVxSgqdH-l4bhvDnQ) starts at leader epoch 0 from offset 0 with partition epoch 0, high watermark 0, ISR [0], adding replicas [] and removing replicas [] . Previous leader None and previous leader epoch was -1. (state.change.logger)
[2024-05-29 18:18:30,938] INFO [Broker id=0] Leader __consumer_offsets-42 with topic id Some(vsiq0YVxSgqdH-l4bhvDnQ) starts at leader epoch 0 from offset 0 with partition epoch 0, high watermark 0, ISR [0], adding replicas [] and removing replicas [] . Previous leader None and previous leader epoch was -1. (state.change.logger)
[2024-05-29 18:18:30,980] INFO [Broker id=0] Leader __consumer_offsets-12 with topic id Some(vsiq0YVxSgqdH-l4bhvDnQ) starts at leader epoch 0 from offset 0 with partition epoch 0, high watermark 0, ISR [0], adding replicas [] and removing replicas [] . Previous leader None and previous leader epoch was -1. (state.change.logger)
[2024-05-29 18:18:31,016] INFO [Broker id=0] Leader __consumer_offsets-21 with topic id Some(vsiq0YVxSgqdH-l4bhvDnQ) starts at leader epoch 0 from offset 0 with partition epoch 0, high watermark 0, ISR [0], adding replicas [] and removing replicas [] . Previous leader None and previous leader epoch was -1. (state.change.logger)
[2024-05-29 18:18:31,049] INFO [Broker id=0] Leader __consumer_offsets-36 with topic id Some(vsiq0YVxSgqdH-l4bhvDnQ) starts at leader epoch 0 from offset 0 with partition epoch 0, high watermark 0, ISR [0], adding replicas [] and removing replicas [] . Previous leader None and previous leader epoch was -1. (state.change.logger)
[2024-05-29 18:18:31,080] INFO [Broker id=0] Leader __consumer_offsets-6 with topic id Some(vsiq0YVxSgqdH-l4bhvDnQ) starts at leader epoch 0 from offset 0 with partition epoch 0, high watermark 0, ISR [0], adding replicas [] and removing replicas [] . Previous leader None and previous leader epoch was -1. (state.change.logger)
[2024-05-29 18:18:31,127] INFO [Broker id=0] Leader __consumer_offsets-43 with topic id Some(vsiq0YVxSgqdH-l4bhvDnQ) starts at leader epoch 0 from offset 0 with partition epoch 0, high watermark 0, ISR [0], adding replicas [] and removing replicas [] . Previous leader None and previous leader epoch was -1. (state.change.logger)
[2024-05-29 18:18:31,152] INFO [Broker id=0] Leader __consumer_offsets-13 with topic id Some(vsiq0YVxSgqdH-l4bhvDnQ) starts at leader epoch 0 from offset 0 with partition epoch 0, high watermark 0, ISR [0], adding replicas [] and removing replicas [] . Previous leader None and previous leader epoch was -1. (state.change.logger)
[2024-05-29 18:18:31,176] INFO [Broker id=0] Leader __consumer_offsets-28 with topic id Some(vsiq0YVxSgqdH-l4bhvDnQ) starts at leader epoch 0 from offset 0 with partition epoch 0, high watermark 0, ISR [0], adding replicas [] and removing replicas [] . Previous leader None and previous leader epoch was -1. (state.change.logger)
[2024-05-29 18:18:31,228] INFO [Broker id=0] Finished LeaderAndIsr request in 2077ms correlationId 5 from controller 0 for 50 partitions (state.change.logger)
[2024-05-29 18:18:31,236] INFO [Broker id=0] Add 50 partitions and deleted 0 partitions from metadata cache in response to UpdateMetadata request sent by controller 0 epoch 2 with correlation id 6 (state.change.logger)
[2024-05-29 18:30:57,671] INFO [Controller id=0 epoch=2] Changed partition HT-topic5-0 state from NonExistentPartition to NewPartition with assigned replicas 0 (state.change.logger)
[2024-05-29 18:30:57,671] INFO [Controller id=0 epoch=2] Changed partition HT-topic5-1 state from NonExistentPartition to NewPartition with assigned replicas 0 (state.change.logger)
[2024-05-29 18:30:57,671] INFO [Controller id=0 epoch=2] Changed partition HT-topic5-2 state from NonExistentPartition to NewPartition with assigned replicas 0 (state.change.logger)
[2024-05-29 18:30:57,671] INFO [Controller id=0 epoch=2] Sending UpdateMetadata request to brokers HashSet() for 0 partitions (state.change.logger)
[2024-05-29 18:30:57,672] INFO [Controller id=0 epoch=2] Sending UpdateMetadata request to brokers HashSet() for 0 partitions (state.change.logger)
[2024-05-29 18:30:57,770] INFO [Controller id=0 epoch=2] Changed partition HT-topic5-0 from NewPartition to OnlinePartition with state LeaderAndIsr(leader=0, leaderEpoch=0, isrWithBrokerEpoch=List(BrokerState(brokerId=0, brokerEpoch=-1)), leaderRecoveryState=RECOVERED, partitionEpoch=0) (state.change.logger)
[2024-05-29 18:30:57,770] INFO [Controller id=0 epoch=2] Changed partition HT-topic5-1 from NewPartition to OnlinePartition with state LeaderAndIsr(leader=0, leaderEpoch=0, isrWithBrokerEpoch=List(BrokerState(brokerId=0, brokerEpoch=-1)), leaderRecoveryState=RECOVERED, partitionEpoch=0) (state.change.logger)
[2024-05-29 18:30:57,770] INFO [Controller id=0 epoch=2] Changed partition HT-topic5-2 from NewPartition to OnlinePartition with state LeaderAndIsr(leader=0, leaderEpoch=0, isrWithBrokerEpoch=List(BrokerState(brokerId=0, brokerEpoch=-1)), leaderRecoveryState=RECOVERED, partitionEpoch=0) (state.change.logger)
[2024-05-29 18:30:57,771] INFO [Controller id=0 epoch=2] Sending LeaderAndIsr request to broker 0 with 3 become-leader and 0 become-follower partitions (state.change.logger)
[2024-05-29 18:30:57,771] INFO [Controller id=0 epoch=2] Sending UpdateMetadata request to brokers HashSet(0) for 3 partitions (state.change.logger)
[2024-05-29 18:30:57,772] INFO [Controller id=0 epoch=2] Sending UpdateMetadata request to brokers HashSet() for 0 partitions (state.change.logger)
[2024-05-29 18:30:57,845] INFO [Broker id=0] Handling LeaderAndIsr request correlationId 7 from controller 0 for 3 partitions (state.change.logger)
[2024-05-29 18:30:57,848] INFO [Broker id=0] Stopped fetchers as part of LeaderAndIsr request correlationId 7 from controller 0 epoch 2 as part of the become-leader transition for 3 partitions (state.change.logger)
[2024-05-29 18:30:57,873] INFO [Broker id=0] Leader HT-topic5-2 with topic id Some(0hWjaEzSTXuWDcvleflzxw) starts at leader epoch 0 from offset 0 with partition epoch 0, high watermark 0, ISR [0], adding replicas [] and removing replicas [] . Previous leader None and previous leader epoch was -1. (state.change.logger)
[2024-05-29 18:30:57,977] INFO [Broker id=0] Leader HT-topic5-1 with topic id Some(0hWjaEzSTXuWDcvleflzxw) starts at leader epoch 0 from offset 0 with partition epoch 0, high watermark 0, ISR [0], adding replicas [] and removing replicas [] . Previous leader None and previous leader epoch was -1. (state.change.logger)
[2024-05-29 18:30:58,038] INFO [Broker id=0] Leader HT-topic5-0 with topic id Some(0hWjaEzSTXuWDcvleflzxw) starts at leader epoch 0 from offset 0 with partition epoch 0, high watermark 0, ISR [0], adding replicas [] and removing replicas [] . Previous leader None and previous leader epoch was -1. (state.change.logger)
[2024-05-29 18:30:58,067] INFO [Broker id=0] Finished LeaderAndIsr request in 222ms correlationId 7 from controller 0 for 3 partitions (state.change.logger)
[2024-05-29 18:30:58,072] INFO [Broker id=0] Add 3 partitions and deleted 0 partitions from metadata cache in response to UpdateMetadata request sent by controller 0 epoch 2 with correlation id 8 (state.change.logger)
                                                                                                                                                    